<?xml version="1.0" encoding="UTF-8"?>
<testng-results skipped="0" failed="0" ignored="0" total="2" passed="2">
  <reporter-output>
  </reporter-output>
  <suite name="Default suite" duration-ms="60783" started-at="2019-08-29T19:06:45 IST" finished-at="2019-08-29T19:07:46 IST">
    <groups>
    </groups>
    <test name="Default test" duration-ms="60783" started-at="2019-08-29T19:06:45 IST" finished-at="2019-08-29T19:07:46 IST">
      <class name="com.youthhub.YH.tests.Homepagestest">
        <test-method status="PASS" signature="setUp()[pri:0, instance:com.youthhub.YH.tests.Homepagestest@370736d9]" name="setUp" is-config="true" duration-ms="16470" started-at="2019-08-29T19:06:45 IST" finished-at="2019-08-29T19:07:02 IST">
          <reporter-output>
          </reporter-output>
        </test-method> <!-- setUp -->
        <test-method status="PASS" signature="loginPageTitletest()[pri:1, instance:com.youthhub.YH.tests.Homepagestest@370736d9]" name="loginPageTitletest" duration-ms="76" started-at="2019-08-29T19:07:02 IST" finished-at="2019-08-29T19:07:02 IST">
          <reporter-output>
          </reporter-output>
        </test-method> <!-- loginPageTitletest -->
        <test-method status="PASS" signature="tearDown()[pri:0, instance:com.youthhub.YH.tests.Homepagestest@370736d9]" name="tearDown" is-config="true" duration-ms="1" started-at="2019-08-29T19:07:02 IST" finished-at="2019-08-29T19:07:02 IST">
          <reporter-output>
          </reporter-output>
        </test-method> <!-- tearDown -->
        <test-method status="PASS" signature="loginTest()[pri:2, instance:com.youthhub.YH.tests.Homepagestest@370736d9]" name="loginTest" duration-ms="44118" started-at="2019-08-29T19:07:02 IST" finished-at="2019-08-29T19:07:46 IST">
          <reporter-output>
          </reporter-output>
        </test-method> <!-- loginTest -->
        <test-method status="PASS" signature="tearDown()[pri:0, instance:com.youthhub.YH.tests.Homepagestest@370736d9]" name="tearDown" is-config="true" duration-ms="0" started-at="2019-08-29T19:07:46 IST" finished-at="2019-08-29T19:07:46 IST">
          <reporter-output>
          </reporter-output>
        </test-method> <!-- tearDown -->
      </class> <!-- com.youthhub.YH.tests.Homepagestest -->
    </test> <!-- Default test -->
  </suite> <!-- Default suite -->
</testng-results>
